messages.bg.xliff

messages
messages
messages
messages
messages
messages
messages
messages
messages
messages
messages
messages
messages
messages
messages.en.xliff

messages
messages
messages
messages
messages
messages
messages
messages
messages
messages
messages
messages
messages
messages
messages
messages
messages
messages
messages
messages
messages
messages
messages
messages
messages.hu.xliff

messages
messages
messages
messages
messages
messages
messages
messages
messages
messages
messages
messages
messages
messages.pl.xliff

messages
messages
messages
messages
messages
messages
messages
messages
messages
messages
messages
messages
messages
messages
messages.ro.xliff

messages
messages
messages
messages
messages
messages
messages
messages
messages
messages
messages
messages
messages
messages
messages
messages
messages
messages
messages
messages
messages
messages
messages
messages
messages
messages
messages
messages
messages
messages
messages
messages
messages
messages
messages
messages
messages
messages
messages
messages
messages
validators.bg.xliff

validators
validators.en.xliff

validators
validators.hu.xliff

validators
validators.ro.xliff

validators
validators
