

messages.bg.xliff

translations.welcome
translations.login
translations.name
translations.hello
translations.world
translations.system
translations.cache
translations.menu
translations.id
translations.memory
translations.key
translations.add
translations.asd
translations.am_adaugat


messages.en.xliff

translations.welcome
translations.login
translations.name
translations.hello
translations.world
translations.system
translations.cache
translations.menu
translations.id
translations.key
translations.add
translations.memory
translations.asd
translations.asdsf
translations.merge
translations.am_adaugat
translations.inca_una
translations.inca_una_doua
translations.translation
translations.welcomes
translations.welcomesasdasdsdas
translation.welcome
translations.first
translations.bun_venit


messages.hu.xliff

translations.welcome
translations.login
translations.name
translations.hello
translations.world
translations.system
translations.cache
translations.menu
translations.id
translations.memory
translations.add
translations.key
translations.am_adaugat


messages.pl.xliff

translations.welcome
translations.login
translations.name
translations.hello
translations.world
translations.system
translations.cache
translations.menu
translations.id
translations.memory
translations.key
translations.am_adaugat
translations.inca_una
translations.inca_una_doua


messages.ro.xliff

translations.welcome
translations.login
translations.name
translations.hello
translations.world
translations.system
translations.cache
translations.menu
translations.id
translations.memory
translations.key
translations.add
translations.asd
translations.asdsf
translations.merge
translations.am_adaugat
translations.inca_una
translations.inca_una_doua
translation.welcome
translations.welcomes
translations.translation
translations.welcomehgjhg
translations.welcomesasdasdsdas
translations.first
translations.import
translations.importare
translations.importaree
translations.importarea
translations.importarea.noua
translations.cevanou
translations.cevanou31
translations.cevanou32
translations.cevanou33
translations.cevanou34
translations.cevanou35
translations.cevanou36
translations.cevanou37
translations.cevanou38
translations.cevanou39
translations.bun_venit
translations.bun_venit_again


validators.bg.xliff

translations.magazine


validators.en.xliff

translations.magazine


validators.hu.xliff

translations.magazine


validators.ro.xliff

translations.magazine
translations.bun_venit_validators
